2025-12-06 18:32:52,154 - MMSA [INFO] - ======================================== Program Start ========================================
2025-12-06 18:32:52,207 - MMSA [INFO] - Running with args:
2025-12-06 18:32:52,207 - MMSA [INFO] - {'model_name': 'bienc', 'dataset_name': 'mosi', 'featurePath': '/home/alex/Downloads/MSA-Datasets/CMU-MOSI/Processed/unaligned_50.pkl', 'seq_lens': [50, 375, 500], 'feature_dims': [768, 5, 20], 'train_samples': 1284, 'num_classes': 3, 'language': 'en', 'KeyEval': 'Loss', 'missing_rate': [0.0, 0.0, 0.0], 'missing_seed': [1111, 1111, 1111], 'need_data_aligned': False, 'need_model_aligned': False, 'early_stop': 8, 'use_bert': False, 'use_bert_finetune': False, 'attn_mask': True, 'update_epochs': 4, 'use_augmentation': False, 'use_m3xup': False, 'hfPath': False, 'fs2': False, 'max_token_len': 50, 'pad_token': '<|endoftext|>', 'lm': 'gpt2', 'gpt': {'mm_dropout': 0.1, 'mm_layer': [3, 5, 7, 9, 11], 'layer_dropout': 0.2, 'dense': True, 'tie_ffn': True}, 'av_enc': {'d_enc': 30, 'n_embd': 30, 'n_head': 6, 'nlevels': 3, 'd_enc_out': 30, 'maxlen': 50, 'p_mask': 0.15, 'enc_attn_dropout': 0.1, 'enc_res_dropout': 0.1, 'enc_dropout': 0.1, 'use_softperm': True, 'p_perm': 0.2, 'mask_perm_ratio': 0.5, 'tf_fusion': False, 'use_ln': False, 'use_bn': {'use_bn_a': True, 'use_bn_v': False}}, 'batch_size': 32, 'learning_rate': 0.001, 'grad_clip': 1.0, 'patience': 10, 'weight_decay': 0.001, 'device': device(type='cuda', index=0), 'train_mode': 'regression', 'custom_feature': None, 'feature_T': '', 'feature_A': '', 'feature_V': ''}
2025-12-06 18:32:52,207 - MMSA [INFO] - Seeds: [1990]
2025-12-06 18:32:52,207 - MMSA [INFO] - ------------------------------ Running with seed 1990 [1/1] ------------------------------
2025-12-06 18:34:15,366 - MMSA [INFO] - The model has 69761 trainable parameters
2025-12-06 18:34:23,608 - MMSA [INFO] - TRAIN-(bienc) [1/1/1] >> loss: 1.3585  Has0_acc_2: 0.5553  Has0_F1_score: 0.5375  Non0_acc_2: 0.5451  Non0_F1_score: 0.5267  Mult_acc_5: 0.1822  Mult_acc_7: 0.1822  MAE: 1.3620  Corr: 0.0449 
2025-12-06 18:34:25,479 - MMSA [INFO] - VAL-(bienc) >>  Has0_acc_2: 0.5502  Has0_F1_score: 0.5520  Non0_acc_2: 0.5417  Non0_F1_score: 0.5420  Mult_acc_5: 0.2183  Mult_acc_7: 0.2183  MAE: 1.4780  Corr: 0.0213  Loss: 1.5051 
2025-12-06 18:34:33,108 - MMSA [INFO] - TRAIN-(bienc) [1/2/1] >> loss: 1.3194  Has0_acc_2: 0.5810  Has0_F1_score: 0.5551  Non0_acc_2: 0.5719  Non0_F1_score: 0.5452  Mult_acc_5: 0.2002  Mult_acc_7: 0.2002  MAE: 1.3192  Corr: 0.0804 
2025-12-06 18:34:34,850 - MMSA [INFO] - VAL-(bienc) >>  Has0_acc_2: 0.5808  Has0_F1_score: 0.4669  Non0_acc_2: 0.5556  Non0_F1_score: 0.4388  Mult_acc_5: 0.2009  Mult_acc_7: 0.2009  MAE: 1.4160  Corr: 0.0383  Loss: 1.3812 
2025-12-06 18:34:42,933 - MMSA [INFO] - TRAIN-(bienc) [1/3/1] >> loss: 1.303  Has0_acc_2: 0.5966  Has0_F1_score: 0.5488  Non0_acc_2: 0.5833  Non0_F1_score: 0.5349  Mult_acc_5: 0.1900  Mult_acc_7: 0.1900  MAE: 1.2959  Corr: 0.1434 
2025-12-06 18:34:44,646 - MMSA [INFO] - VAL-(bienc) >>  Has0_acc_2: 0.5764  Has0_F1_score: 0.5433  Non0_acc_2: 0.5556  Non0_F1_score: 0.5220  Mult_acc_5: 0.2140  Mult_acc_7: 0.2140  MAE: 1.4132  Corr: 0.0442  Loss: 1.4369 
2025-12-06 18:34:51,874 - MMSA [INFO] - TRAIN-(bienc) [2/4/1] >> loss: 1.2982  Has0_acc_2: 0.5849  Has0_F1_score: 0.5525  Non0_acc_2: 0.5768  Non0_F1_score: 0.5431  Mult_acc_5: 0.1955  Mult_acc_7: 0.1955  MAE: 1.2882  Corr: 0.1611 
2025-12-06 18:34:53,742 - MMSA [INFO] - VAL-(bienc) >>  Has0_acc_2: 0.5852  Has0_F1_score: 0.5552  Non0_acc_2: 0.5648  Non0_F1_score: 0.5346  Mult_acc_5: 0.2140  Mult_acc_7: 0.2140  MAE: 1.4289  Corr: 0.0515  Loss: 1.4388 
2025-12-06 18:35:01,192 - MMSA [INFO] - TRAIN-(bienc) [3/5/1] >> loss: 1.2981  Has0_acc_2: 0.5888  Has0_F1_score: 0.5730  Non0_acc_2: 0.5784  Non0_F1_score: 0.5624  Mult_acc_5: 0.1877  Mult_acc_7: 0.1877  MAE: 1.2866  Corr: 0.1770 
2025-12-06 18:35:03,077 - MMSA [INFO] - VAL-(bienc) >>  Has0_acc_2: 0.6070  Has0_F1_score: 0.5544  Non0_acc_2: 0.5880  Non0_F1_score: 0.5340  Mult_acc_5: 0.2009  Mult_acc_7: 0.2009  MAE: 1.4327  Corr: 0.0831  Loss: 1.4481 
2025-12-06 18:35:10,709 - MMSA [INFO] - TRAIN-(bienc) [4/6/1] >> loss: 1.2691  Has0_acc_2: 0.6059  Has0_F1_score: 0.6039  Non0_acc_2: 0.6028  Non0_F1_score: 0.6001  Mult_acc_5: 0.2056  Mult_acc_7: 0.2056  MAE: 1.2670  Corr: 0.2107 
2025-12-06 18:35:12,480 - MMSA [INFO] - VAL-(bienc) >>  Has0_acc_2: 0.6070  Has0_F1_score: 0.5577  Non0_acc_2: 0.5833  Non0_F1_score: 0.5340  Mult_acc_5: 0.2314  Mult_acc_7: 0.2009  MAE: 1.4712  Corr: 0.0877  Loss: 1.5267 
2025-12-06 18:35:20,247 - MMSA [INFO] - TRAIN-(bienc) [5/7/1] >> loss: 1.236  Has0_acc_2: 0.5989  Has0_F1_score: 0.5881  Non0_acc_2: 0.5938  Non0_F1_score: 0.5823  Mult_acc_5: 0.2064  Mult_acc_7: 0.2064  MAE: 1.2484  Corr: 0.2532 
2025-12-06 18:35:21,868 - MMSA [INFO] - VAL-(bienc) >>  Has0_acc_2: 0.6201  Has0_F1_score: 0.5675  Non0_acc_2: 0.6065  Non0_F1_score: 0.5514  Mult_acc_5: 0.1965  Mult_acc_7: 0.1965  MAE: 1.3829  Corr: 0.1748  Loss: 1.3585 
2025-12-06 18:35:29,381 - MMSA [INFO] - TRAIN-(bienc) [1/8/1] >> loss: 1.2613  Has0_acc_2: 0.6231  Has0_F1_score: 0.6049  Non0_acc_2: 0.6149  Non0_F1_score: 0.5965  Mult_acc_5: 0.2064  Mult_acc_7: 0.2056  MAE: 1.2512  Corr: 0.2521 
2025-12-06 18:35:31,109 - MMSA [INFO] - VAL-(bienc) >>  Has0_acc_2: 0.6114  Has0_F1_score: 0.5610  Non0_acc_2: 0.5972  Non0_F1_score: 0.5445  Mult_acc_5: 0.2533  Mult_acc_7: 0.2183  MAE: 1.4296  Corr: 0.1527  Loss: 1.4319 
2025-12-06 18:35:38,464 - MMSA [INFO] - TRAIN-(bienc) [2/9/1] >> loss: 1.2319  Has0_acc_2: 0.6090  Has0_F1_score: 0.6052  Non0_acc_2: 0.6036  Non0_F1_score: 0.5993  Mult_acc_5: 0.2134  Mult_acc_7: 0.2111  MAE: 1.2472  Corr: 0.2605 
2025-12-06 18:35:40,071 - MMSA [INFO] - VAL-(bienc) >>  Has0_acc_2: 0.5983  Has0_F1_score: 0.5680  Non0_acc_2: 0.5880  Non0_F1_score: 0.5556  Mult_acc_5: 0.2314  Mult_acc_7: 0.2271  MAE: 1.3830  Corr: 0.1734  Loss: 1.3350 
2025-12-06 18:35:47,560 - MMSA [INFO] - TRAIN-(bienc) [1/10/1] >> loss: 1.2479  Has0_acc_2: 0.6246  Has0_F1_score: 0.6175  Non0_acc_2: 0.6182  Non0_F1_score: 0.6108  Mult_acc_5: 0.1947  Mult_acc_7: 0.1931  MAE: 1.2389  Corr: 0.2884 
2025-12-06 18:35:49,297 - MMSA [INFO] - VAL-(bienc) >>  Has0_acc_2: 0.6332  Has0_F1_score: 0.5738  Non0_acc_2: 0.6157  Non0_F1_score: 0.5546  Mult_acc_5: 0.2489  Mult_acc_7: 0.2096  MAE: 1.4223  Corr: 0.1565  Loss: 1.4303 
2025-12-06 18:35:57,041 - MMSA [INFO] - TRAIN-(bienc) [2/11/1] >> loss: 1.2252  Has0_acc_2: 0.6464  Has0_F1_score: 0.6432  Non0_acc_2: 0.6434  Non0_F1_score: 0.6397  Mult_acc_5: 0.2150  Mult_acc_7: 0.2118  MAE: 1.2239  Corr: 0.2879 
2025-12-06 18:35:58,699 - MMSA [INFO] - VAL-(bienc) >>  Has0_acc_2: 0.6332  Has0_F1_score: 0.5958  Non0_acc_2: 0.6204  Non0_F1_score: 0.5814  Mult_acc_5: 0.2271  Mult_acc_7: 0.2052  MAE: 1.3955  Corr: 0.1925  Loss: 1.4072 
2025-12-06 18:36:06,169 - MMSA [INFO] - TRAIN-(bienc) [3/12/1] >> loss: 1.2428  Has0_acc_2: 0.6121  Has0_F1_score: 0.6104  Non0_acc_2: 0.6084  Non0_F1_score: 0.6061  Mult_acc_5: 0.2064  Mult_acc_7: 0.2064  MAE: 1.2427  Corr: 0.2715 
2025-12-06 18:36:07,897 - MMSA [INFO] - VAL-(bienc) >>  Has0_acc_2: 0.6157  Has0_F1_score: 0.5222  Non0_acc_2: 0.5926  Non0_F1_score: 0.4970  Mult_acc_5: 0.2445  Mult_acc_7: 0.2009  MAE: 1.4382  Corr: 0.2185  Loss: 1.4300 
2025-12-06 18:36:15,279 - MMSA [INFO] - TRAIN-(bienc) [4/13/1] >> loss: 1.199  Has0_acc_2: 0.6308  Has0_F1_score: 0.6223  Non0_acc_2: 0.6223  Non0_F1_score: 0.6137  Mult_acc_5: 0.2165  Mult_acc_7: 0.2157  MAE: 1.2144  Corr: 0.3125 
2025-12-06 18:36:17,026 - MMSA [INFO] - VAL-(bienc) >>  Has0_acc_2: 0.5983  Has0_F1_score: 0.5770  Non0_acc_2: 0.5880  Non0_F1_score: 0.5650  Mult_acc_5: 0.2445  Mult_acc_7: 0.2096  MAE: 1.4115  Corr: 0.1966  Loss: 1.3824 
2025-12-06 18:36:24,900 - MMSA [INFO] - TRAIN-(bienc) [5/14/1] >> loss: 1.2281  Has0_acc_2: 0.6246  Has0_F1_score: 0.6240  Non0_acc_2: 0.6214  Non0_F1_score: 0.6202  Mult_acc_5: 0.2126  Mult_acc_7: 0.2103  MAE: 1.2338  Corr: 0.2916 
2025-12-06 18:36:26,677 - MMSA [INFO] - VAL-(bienc) >>  Has0_acc_2: 0.6114  Has0_F1_score: 0.5673  Non0_acc_2: 0.6019  Non0_F1_score: 0.5548  Mult_acc_5: 0.2009  Mult_acc_7: 0.2009  MAE: 1.3654  Corr: 0.2043  Loss: 1.3227 
2025-12-06 18:36:34,133 - MMSA [INFO] - TRAIN-(bienc) [1/15/1] >> loss: 1.213  Has0_acc_2: 0.6363  Has0_F1_score: 0.6313  Non0_acc_2: 0.6336  Non0_F1_score: 0.6280  Mult_acc_5: 0.2111  Mult_acc_7: 0.2111  MAE: 1.2108  Corr: 0.3274 
2025-12-06 18:36:36,065 - MMSA [INFO] - VAL-(bienc) >>  Has0_acc_2: 0.6332  Has0_F1_score: 0.5534  Non0_acc_2: 0.6111  Non0_F1_score: 0.5299  Mult_acc_5: 0.2314  Mult_acc_7: 0.1834  MAE: 1.4627  Corr: 0.1857  Loss: 1.4368 
2025-12-06 18:36:43,923 - MMSA [INFO] - TRAIN-(bienc) [2/16/1] >> loss: 1.2508  Has0_acc_2: 0.6215  Has0_F1_score: 0.6200  Non0_acc_2: 0.6198  Non0_F1_score: 0.6177  Mult_acc_5: 0.2173  Mult_acc_7: 0.2157  MAE: 1.2376  Corr: 0.2922 
2025-12-06 18:36:45,656 - MMSA [INFO] - VAL-(bienc) >>  Has0_acc_2: 0.6114  Has0_F1_score: 0.5141  Non0_acc_2: 0.5880  Non0_F1_score: 0.4885  Mult_acc_5: 0.2271  Mult_acc_7: 0.1965  MAE: 1.4649  Corr: 0.1715  Loss: 1.4602 
2025-12-06 18:36:53,517 - MMSA [INFO] - TRAIN-(bienc) [3/17/1] >> loss: 1.2545  Has0_acc_2: 0.6121  Has0_F1_score: 0.5987  Non0_acc_2: 0.6052  Non0_F1_score: 0.5912  Mult_acc_5: 0.2095  Mult_acc_7: 0.2087  MAE: 1.2456  Corr: 0.2548 
2025-12-06 18:36:55,284 - MMSA [INFO] - VAL-(bienc) >>  Has0_acc_2: 0.6114  Has0_F1_score: 0.5833  Non0_acc_2: 0.5972  Non0_F1_score: 0.5681  Mult_acc_5: 0.1878  Mult_acc_7: 0.1878  MAE: 1.3976  Corr: 0.1314  Loss: 1.3679 
2025-12-06 18:37:02,399 - MMSA [INFO] - TRAIN-(bienc) [4/18/1] >> loss: 1.2396  Has0_acc_2: 0.6231  Has0_F1_score: 0.6094  Non0_acc_2: 0.6158  Non0_F1_score: 0.6018  Mult_acc_5: 0.1970  Mult_acc_7: 0.1970  MAE: 1.2497  Corr: 0.2671 
2025-12-06 18:37:04,166 - MMSA [INFO] - VAL-(bienc) >>  Has0_acc_2: 0.6114  Has0_F1_score: 0.5576  Non0_acc_2: 0.5926  Non0_F1_score: 0.5374  Mult_acc_5: 0.2227  Mult_acc_7: 0.2140  MAE: 1.3956  Corr: 0.1585  Loss: 1.3965 
2025-12-06 18:37:11,639 - MMSA [INFO] - TRAIN-(bienc) [5/19/1] >> loss: 1.23  Has0_acc_2: 0.6262  Has0_F1_score: 0.6279  Non0_acc_2: 0.6288  Non0_F1_score: 0.6297  Mult_acc_5: 0.2087  Mult_acc_7: 0.2087  MAE: 1.2277  Corr: 0.3115 
2025-12-06 18:37:13,560 - MMSA [INFO] - VAL-(bienc) >>  Has0_acc_2: 0.6332  Has0_F1_score: 0.5534  Non0_acc_2: 0.6111  Non0_F1_score: 0.5299  Mult_acc_5: 0.2533  Mult_acc_7: 0.2052  MAE: 1.4475  Corr: 0.1834  Loss: 1.4382 
2025-12-06 18:37:20,614 - MMSA [INFO] - TRAIN-(bienc) [6/20/1] >> loss: 1.2108  Has0_acc_2: 0.6410  Has0_F1_score: 0.6238  Non0_acc_2: 0.6328  Non0_F1_score: 0.6155  Mult_acc_5: 0.2204  Mult_acc_7: 0.2181  MAE: 1.2151  Corr: 0.3279 
2025-12-06 18:37:22,355 - MMSA [INFO] - VAL-(bienc) >>  Has0_acc_2: 0.6070  Has0_F1_score: 0.5917  Non0_acc_2: 0.5972  Non0_F1_score: 0.5806  Mult_acc_5: 0.2271  Mult_acc_7: 0.2271  MAE: 1.3808  Corr: 0.1991  Loss: 1.4348 
2025-12-06 18:37:30,426 - MMSA [INFO] - TRAIN-(bienc) [7/21/1] >> loss: 1.2026  Has0_acc_2: 0.6308  Has0_F1_score: 0.6321  Non0_acc_2: 0.6312  Non0_F1_score: 0.6317  Mult_acc_5: 0.2329  Mult_acc_7: 0.2321  MAE: 1.2019  Corr: 0.3329 
2025-12-06 18:37:32,158 - MMSA [INFO] - VAL-(bienc) >>  Has0_acc_2: 0.6332  Has0_F1_score: 0.5808  Non0_acc_2: 0.6157  Non0_F1_score: 0.5620  Mult_acc_5: 0.2445  Mult_acc_7: 0.2009  MAE: 1.4434  Corr: 0.1734  Loss: 1.4982 
2025-12-06 18:37:39,495 - MMSA [INFO] - TRAIN-(bienc) [8/22/1] >> loss: 1.2105  Has0_acc_2: 0.6340  Has0_F1_score: 0.6328  Non0_acc_2: 0.6312  Non0_F1_score: 0.6295  Mult_acc_5: 0.2204  Mult_acc_7: 0.2188  MAE: 1.2106  Corr: 0.3194 
2025-12-06 18:37:41,266 - MMSA [INFO] - VAL-(bienc) >>  Has0_acc_2: 0.6332  Has0_F1_score: 0.5984  Non0_acc_2: 0.6157  Non0_F1_score: 0.5804  Mult_acc_5: 0.2533  Mult_acc_7: 0.2227  MAE: 1.3761  Corr: 0.2120  Loss: 1.4290 
2025-12-06 18:37:45,287 - MMSA [INFO] - TEST-(bienc) >>  Has0_acc_2: 0.5671  Has0_F1_score: 0.5564  Non0_acc_2: 0.5579  Non0_F1_score: 0.5492  Mult_acc_5: 0.2012  Mult_acc_7: 0.2012  MAE: 1.3821  Corr: 0.2622  Loss: 1.3790 
2025-12-06 18:37:46,444 - MMSA [INFO] - Result for seed 1990: {'Has0_acc_2': 0.5671, 'Has0_F1_score': 0.5564, 'Non0_acc_2': 0.5579, 'Non0_F1_score': 0.5492, 'Mult_acc_5': 0.2012, 'Mult_acc_7': 0.2012, 'MAE': 1.3821, 'Corr': 0.2622, 'Loss': 1.379, 'seed': 1990}
2025-12-06 18:37:46,455 - MMSA [INFO] - Results saved to MMSA/results/mosi/bienc-mosi/normal/mosi_avg.csv.
